This file contains any messages produced by compilers while
running configure, to aid debugging if configure makes a mistake.

It was created by flowvisor configure 0.4, which was
generated by GNU Autoconf 2.68.  Invocation command line was

<<<<<<< HEAD
  $ ./configure 
=======
  $ ./configure --no-create --no-recursion
>>>>>>> b88955cd40eaf7d776defbd6509677b9c1f2951e

## --------- ##
## Platform. ##
## --------- ##

hostname = ubuntu
uname -m = x86_64
uname -r = 3.8.0-29-generic
uname -s = Linux
uname -v = #42~precise1-Ubuntu SMP Wed Aug 14 16:19:23 UTC 2013

/usr/bin/uname -p = unknown
/bin/uname -X     = unknown

/bin/arch              = unknown
/usr/bin/arch -k       = unknown
/usr/convex/getsysinfo = unknown
/usr/bin/hostinfo      = unknown
/bin/machine           = unknown
/usr/bin/oslevel       = unknown
/bin/universe          = unknown

PATH: /usr/local/sbin
PATH: /usr/local/bin
PATH: /usr/sbin
PATH: /usr/bin
PATH: /sbin
PATH: /bin


## ----------- ##
## Core tests. ##
## ----------- ##

configure:2225: checking for a BSD-compatible install
configure:2293: result: /usr/bin/install -c
configure:2304: checking whether build environment is sane
configure:2354: result: yes
configure:2495: checking for a thread-safe mkdir -p
configure:2534: result: /bin/mkdir -p
configure:2547: checking for gawk
configure:2577: result: no
configure:2547: checking for mawk
configure:2563: found /usr/bin/mawk
configure:2574: result: mawk
configure:2585: checking whether make sets $(MAKE)
configure:2607: result: yes
<<<<<<< HEAD
configure:2715: checking for /home/keqiang/myGit/lightflow/../openflow/include/openflow/openflow.h
=======
configure:2715: checking for /home/keqiang/myGit/ingress/../openflow/include/openflow/openflow.h
>>>>>>> b88955cd40eaf7d776defbd6509677b9c1f2951e
configure:2729: result: yes
configure:2792: checking for gcc
configure:2808: found /usr/bin/gcc
configure:2819: result: gcc
configure:3048: checking for C compiler version
configure:3057: gcc --version >&5
gcc (Ubuntu/Linaro 4.6.3-1ubuntu5) 4.6.3
Copyright (C) 2011 Free Software Foundation, Inc.
This is free software; see the source for copying conditions.  There is NO
warranty; not even for MERCHANTABILITY or FITNESS FOR A PARTICULAR PURPOSE.

configure:3068: $? = 0
configure:3057: gcc -v >&5
Using built-in specs.
COLLECT_GCC=gcc
COLLECT_LTO_WRAPPER=/usr/lib/gcc/x86_64-linux-gnu/4.6/lto-wrapper
Target: x86_64-linux-gnu
Configured with: ../src/configure -v --with-pkgversion='Ubuntu/Linaro 4.6.3-1ubuntu5' --with-bugurl=file:///usr/share/doc/gcc-4.6/README.Bugs --enable-languages=c,c++,fortran,objc,obj-c++ --prefix=/usr --program-suffix=-4.6 --enable-shared --enable-linker-build-id --with-system-zlib --libexecdir=/usr/lib --without-included-gettext --enable-threads=posix --with-gxx-include-dir=/usr/include/c++/4.6 --libdir=/usr/lib --enable-nls --with-sysroot=/ --enable-clocale=gnu --enable-libstdcxx-debug --enable-libstdcxx-time=yes --enable-gnu-unique-object --enable-plugin --enable-objc-gc --disable-werror --with-arch-32=i686 --with-tune=generic --enable-checking=release --build=x86_64-linux-gnu --host=x86_64-linux-gnu --target=x86_64-linux-gnu
Thread model: posix
gcc version 4.6.3 (Ubuntu/Linaro 4.6.3-1ubuntu5) 
configure:3068: $? = 0
configure:3057: gcc -V >&5
gcc: error: unrecognized option '-V'
gcc: fatal error: no input files
compilation terminated.
configure:3068: $? = 4
configure:3057: gcc -qversion >&5
gcc: error: unrecognized option '-qversion'
gcc: fatal error: no input files
compilation terminated.
configure:3068: $? = 4
configure:3088: checking whether the C compiler works
configure:3110: gcc    conftest.c  >&5
configure:3114: $? = 0
configure:3162: result: yes
configure:3165: checking for C compiler default output file name
configure:3167: result: a.out
configure:3173: checking for suffix of executables
configure:3180: gcc -o conftest    conftest.c  >&5
configure:3184: $? = 0
configure:3206: result: 
configure:3228: checking whether we are cross compiling
configure:3236: gcc -o conftest    conftest.c  >&5
configure:3240: $? = 0
configure:3247: ./conftest
configure:3251: $? = 0
configure:3266: result: no
configure:3271: checking for suffix of object files
configure:3293: gcc -c   conftest.c >&5
configure:3297: $? = 0
configure:3318: result: o
configure:3322: checking whether we are using the GNU C compiler
configure:3341: gcc -c   conftest.c >&5
configure:3341: $? = 0
configure:3350: result: yes
configure:3359: checking whether gcc accepts -g
configure:3379: gcc -c -g  conftest.c >&5
configure:3379: $? = 0
configure:3420: result: yes
configure:3437: checking for gcc option to accept ISO C89
configure:3501: gcc  -c -g -O2  conftest.c >&5
configure:3501: $? = 0
configure:3514: result: none needed
configure:3545: checking for style of include used by make
configure:3573: result: GNU
configure:3599: checking dependency style of gcc
configure:3710: result: gcc3
configure:3730: checking for gawk
configure:3757: result: mawk
configure:3773: checking how to run the C preprocessor
configure:3804: gcc -E  conftest.c
configure:3804: $? = 0
configure:3818: gcc -E  conftest.c
conftest.c:11:28: fatal error: ac_nonexistent.h: No such file or directory
compilation terminated.
configure:3818: $? = 1
configure: failed program was:
| /* confdefs.h */
| #define PACKAGE_NAME "flowvisor"
| #define PACKAGE_TARNAME "flowvisor"
| #define PACKAGE_VERSION "0.4"
| #define PACKAGE_STRING "flowvisor 0.4"
| #define PACKAGE_BUGREPORT "rob.sherwood@stanford.edu"
| #define PACKAGE_URL ""
| #define PACKAGE "flowvisor"
| #define VERSION "0.4"
| /* end confdefs.h.  */
| #include <ac_nonexistent.h>
configure:3843: result: gcc -E
configure:3863: gcc -E  conftest.c
configure:3863: $? = 0
configure:3877: gcc -E  conftest.c
conftest.c:11:28: fatal error: ac_nonexistent.h: No such file or directory
compilation terminated.
configure:3877: $? = 1
configure: failed program was:
| /* confdefs.h */
| #define PACKAGE_NAME "flowvisor"
| #define PACKAGE_TARNAME "flowvisor"
| #define PACKAGE_VERSION "0.4"
| #define PACKAGE_STRING "flowvisor 0.4"
| #define PACKAGE_BUGREPORT "rob.sherwood@stanford.edu"
| #define PACKAGE_URL ""
| #define PACKAGE "flowvisor"
| #define VERSION "0.4"
| /* end confdefs.h.  */
| #include <ac_nonexistent.h>
configure:3948: checking for ranlib
configure:3964: found /usr/bin/ranlib
configure:3975: result: ranlib
configure:4019: checking for grep that handles long lines and -e
configure:4077: result: /bin/grep
configure:4082: checking for egrep
configure:4144: result: /bin/grep -E
configure:4149: checking for ANSI C header files
configure:4169: gcc -c -g -O2  conftest.c >&5
configure:4169: $? = 0
configure:4242: gcc -o conftest -g -O2   conftest.c  >&5
configure:4242: $? = 0
configure:4242: ./conftest
configure:4242: $? = 0
configure:4253: result: yes
configure:4266: checking for sys/types.h
configure:4266: gcc -c -g -O2  conftest.c >&5
configure:4266: $? = 0
configure:4266: result: yes
configure:4266: checking for sys/stat.h
configure:4266: gcc -c -g -O2  conftest.c >&5
configure:4266: $? = 0
configure:4266: result: yes
configure:4266: checking for stdlib.h
configure:4266: gcc -c -g -O2  conftest.c >&5
configure:4266: $? = 0
configure:4266: result: yes
configure:4266: checking for string.h
configure:4266: gcc -c -g -O2  conftest.c >&5
configure:4266: $? = 0
configure:4266: result: yes
configure:4266: checking for memory.h
configure:4266: gcc -c -g -O2  conftest.c >&5
configure:4266: $? = 0
configure:4266: result: yes
configure:4266: checking for strings.h
configure:4266: gcc -c -g -O2  conftest.c >&5
configure:4266: $? = 0
configure:4266: result: yes
configure:4266: checking for inttypes.h
configure:4266: gcc -c -g -O2  conftest.c >&5
configure:4266: $? = 0
configure:4266: result: yes
configure:4266: checking for stdint.h
configure:4266: gcc -c -g -O2  conftest.c >&5
configure:4266: $? = 0
configure:4266: result: yes
configure:4266: checking for unistd.h
configure:4266: gcc -c -g -O2  conftest.c >&5
configure:4266: $? = 0
configure:4266: result: yes
configure:4280: checking config.h usability
configure:4280: gcc -c -g -O2  conftest.c >&5
conftest.c:54:20: fatal error: config.h: No such file or directory
compilation terminated.
configure:4280: $? = 1
configure: failed program was:
| /* confdefs.h */
| #define PACKAGE_NAME "flowvisor"
| #define PACKAGE_TARNAME "flowvisor"
| #define PACKAGE_VERSION "0.4"
| #define PACKAGE_STRING "flowvisor 0.4"
| #define PACKAGE_BUGREPORT "rob.sherwood@stanford.edu"
| #define PACKAGE_URL ""
| #define PACKAGE "flowvisor"
| #define VERSION "0.4"
| #define STDC_HEADERS 1
| #define HAVE_SYS_TYPES_H 1
| #define HAVE_SYS_STAT_H 1
| #define HAVE_STDLIB_H 1
| #define HAVE_STRING_H 1
| #define HAVE_MEMORY_H 1
| #define HAVE_STRINGS_H 1
| #define HAVE_INTTYPES_H 1
| #define HAVE_STDINT_H 1
| #define HAVE_UNISTD_H 1
| /* end confdefs.h.  */
| #include <stdio.h>
| #ifdef HAVE_SYS_TYPES_H
| # include <sys/types.h>
| #endif
| #ifdef HAVE_SYS_STAT_H
| # include <sys/stat.h>
| #endif
| #ifdef STDC_HEADERS
| # include <stdlib.h>
| # include <stddef.h>
| #else
| # ifdef HAVE_STDLIB_H
| #  include <stdlib.h>
| # endif
| #endif
| #ifdef HAVE_STRING_H
| # if !defined STDC_HEADERS && defined HAVE_MEMORY_H
| #  include <memory.h>
| # endif
| # include <string.h>
| #endif
| #ifdef HAVE_STRINGS_H
| # include <strings.h>
| #endif
| #ifdef HAVE_INTTYPES_H
| # include <inttypes.h>
| #endif
| #ifdef HAVE_STDINT_H
| # include <stdint.h>
| #endif
| #ifdef HAVE_UNISTD_H
| # include <unistd.h>
| #endif
| #include <config.h>
configure:4280: result: no
configure:4280: checking config.h presence
configure:4280: gcc -E  conftest.c
conftest.c:21:20: fatal error: config.h: No such file or directory
compilation terminated.
configure:4280: $? = 1
configure: failed program was:
| /* confdefs.h */
| #define PACKAGE_NAME "flowvisor"
| #define PACKAGE_TARNAME "flowvisor"
| #define PACKAGE_VERSION "0.4"
| #define PACKAGE_STRING "flowvisor 0.4"
| #define PACKAGE_BUGREPORT "rob.sherwood@stanford.edu"
| #define PACKAGE_URL ""
| #define PACKAGE "flowvisor"
| #define VERSION "0.4"
| #define STDC_HEADERS 1
| #define HAVE_SYS_TYPES_H 1
| #define HAVE_SYS_STAT_H 1
| #define HAVE_STDLIB_H 1
| #define HAVE_STRING_H 1
| #define HAVE_MEMORY_H 1
| #define HAVE_STRINGS_H 1
| #define HAVE_INTTYPES_H 1
| #define HAVE_STDINT_H 1
| #define HAVE_UNISTD_H 1
| /* end confdefs.h.  */
| #include <config.h>
configure:4280: result: no
configure:4280: checking for config.h
configure:4280: result: no
configure:4292: checking for stdbool.h that conforms to C99
configure:4359: gcc -c -g -O2  conftest.c >&5
configure:4359: $? = 0
configure:4366: result: yes
configure:4368: checking for _Bool
configure:4368: gcc -c -g -O2  conftest.c >&5
configure:4368: $? = 0
configure:4368: gcc -c -g -O2  conftest.c >&5
conftest.c: In function 'main':
conftest.c:57:20: error: expected expression before ')' token
configure:4368: $? = 1
configure: failed program was:
| /* confdefs.h */
| #define PACKAGE_NAME "flowvisor"
| #define PACKAGE_TARNAME "flowvisor"
| #define PACKAGE_VERSION "0.4"
| #define PACKAGE_STRING "flowvisor 0.4"
| #define PACKAGE_BUGREPORT "rob.sherwood@stanford.edu"
| #define PACKAGE_URL ""
| #define PACKAGE "flowvisor"
| #define VERSION "0.4"
| #define STDC_HEADERS 1
| #define HAVE_SYS_TYPES_H 1
| #define HAVE_SYS_STAT_H 1
| #define HAVE_STDLIB_H 1
| #define HAVE_STRING_H 1
| #define HAVE_MEMORY_H 1
| #define HAVE_STRINGS_H 1
| #define HAVE_INTTYPES_H 1
| #define HAVE_STDINT_H 1
| #define HAVE_UNISTD_H 1
| /* end confdefs.h.  */
| #include <stdio.h>
| #ifdef HAVE_SYS_TYPES_H
| # include <sys/types.h>
| #endif
| #ifdef HAVE_SYS_STAT_H
| # include <sys/stat.h>
| #endif
| #ifdef STDC_HEADERS
| # include <stdlib.h>
| # include <stddef.h>
| #else
| # ifdef HAVE_STDLIB_H
| #  include <stdlib.h>
| # endif
| #endif
| #ifdef HAVE_STRING_H
| # if !defined STDC_HEADERS && defined HAVE_MEMORY_H
| #  include <memory.h>
| # endif
| # include <string.h>
| #endif
| #ifdef HAVE_STRINGS_H
| # include <strings.h>
| #endif
| #ifdef HAVE_INTTYPES_H
| # include <inttypes.h>
| #endif
| #ifdef HAVE_STDINT_H
| # include <stdint.h>
| #endif
| #ifdef HAVE_UNISTD_H
| # include <unistd.h>
| #endif
| int
| main ()
| {
| if (sizeof ((_Bool)))
| 	    return 0;
|   ;
|   return 0;
| }
configure:4368: result: yes
configure:4388: checking for strerror
configure:4388: gcc -o conftest -g -O2   conftest.c  >&5
configure:4388: $? = 0
configure:4388: result: yes
configure:4532: creating ./config.status

<<<<<<< HEAD
## ---------------------- ##
## Running config.status. ##
## ---------------------- ##

This file was extended by flowvisor config.status 0.4, which was
generated by GNU Autoconf 2.68.  Invocation command line was

  CONFIG_FILES    = 
  CONFIG_HEADERS  = 
  CONFIG_LINKS    = 
  CONFIG_COMMANDS = 
  $ ./config.status 

on ubuntu

config.status:867: creating Makefile
config.status:867: creating config.h
config.status:1048: config.h is unchanged
config.status:1096: executing depfiles commands

=======
>>>>>>> b88955cd40eaf7d776defbd6509677b9c1f2951e
## ---------------- ##
## Cache variables. ##
## ---------------- ##

ac_cv_c_compiler_gnu=yes
ac_cv_env_CC_set=
ac_cv_env_CC_value=
ac_cv_env_CFLAGS_set=
ac_cv_env_CFLAGS_value=
ac_cv_env_CPPFLAGS_set=
ac_cv_env_CPPFLAGS_value=
ac_cv_env_CPP_set=
ac_cv_env_CPP_value=
ac_cv_env_LDFLAGS_set=
ac_cv_env_LDFLAGS_value=
ac_cv_env_LIBS_set=
ac_cv_env_LIBS_value=
ac_cv_env_build_alias_set=
ac_cv_env_build_alias_value=
ac_cv_env_host_alias_set=
ac_cv_env_host_alias_value=
ac_cv_env_target_alias_set=
ac_cv_env_target_alias_value=
<<<<<<< HEAD
ac_cv_file__home_keqiang_myGit_lightflow____openflow_include_openflow_openflow_h=yes
=======
ac_cv_file__home_keqiang_myGit_ingress____openflow_include_openflow_openflow_h=yes
>>>>>>> b88955cd40eaf7d776defbd6509677b9c1f2951e
ac_cv_func_strerror=yes
ac_cv_header_config_h=no
ac_cv_header_inttypes_h=yes
ac_cv_header_memory_h=yes
ac_cv_header_stdbool_h=yes
ac_cv_header_stdc=yes
ac_cv_header_stdint_h=yes
ac_cv_header_stdlib_h=yes
ac_cv_header_string_h=yes
ac_cv_header_strings_h=yes
ac_cv_header_sys_stat_h=yes
ac_cv_header_sys_types_h=yes
ac_cv_header_unistd_h=yes
ac_cv_objext=o
ac_cv_path_EGREP='/bin/grep -E'
ac_cv_path_GREP=/bin/grep
ac_cv_path_install='/usr/bin/install -c'
ac_cv_path_mkdir=/bin/mkdir
ac_cv_prog_AWK=mawk
ac_cv_prog_CPP='gcc -E'
ac_cv_prog_ac_ct_CC=gcc
ac_cv_prog_ac_ct_RANLIB=ranlib
ac_cv_prog_cc_c89=
ac_cv_prog_cc_g=yes
ac_cv_prog_make_make_set=yes
ac_cv_type__Bool=yes
am_cv_CC_dependencies_compiler_type=gcc3

## ----------------- ##
## Output variables. ##
## ----------------- ##

<<<<<<< HEAD
ACLOCAL='${SHELL} /home/keqiang/myGit/lightflow/missing --run aclocal-1.11'
=======
ACLOCAL='${SHELL} /home/keqiang/myGit/ingress/missing --run aclocal-1.11'
>>>>>>> b88955cd40eaf7d776defbd6509677b9c1f2951e
AMDEPBACKSLASH='\'
AMDEP_FALSE='#'
AMDEP_TRUE=''
AMTAR='$${TAR-tar}'
<<<<<<< HEAD
AUTOCONF='${SHELL} /home/keqiang/myGit/lightflow/missing --run autoconf'
AUTOHEADER='${SHELL} /home/keqiang/myGit/lightflow/missing --run autoheader'
AUTOMAKE='${SHELL} /home/keqiang/myGit/lightflow/missing --run automake-1.11'
=======
AUTOCONF='${SHELL} /home/keqiang/myGit/ingress/missing --run autoconf'
AUTOHEADER='${SHELL} /home/keqiang/myGit/ingress/missing --run autoheader'
AUTOMAKE='${SHELL} /home/keqiang/myGit/ingress/missing --run automake-1.11'
>>>>>>> b88955cd40eaf7d776defbd6509677b9c1f2951e
AWK='mawk'
CC='gcc'
CCDEPMODE='depmode=gcc3'
CFLAGS='-g -O2'
CPP='gcc -E'
CPPFLAGS=''
CYGPATH_W='echo'
DEFS='-DHAVE_CONFIG_H'
DEPDIR='.deps'
ECHO_C=''
ECHO_N='-n'
ECHO_T=''
EGREP='/bin/grep -E'
EXEEXT=''
GREP='/bin/grep'
INSTALL_DATA='${INSTALL} -m 644'
INSTALL_PROGRAM='${INSTALL}'
INSTALL_SCRIPT='${INSTALL}'
INSTALL_STRIP_PROGRAM='$(install_sh) -c -s'
LARGEFILES_CFLAGS='-D_LARGEFILE_SOURCE  '
LARGEFILES_LDFLAGS='  '
LDFLAGS=''
LIBOBJS=''
LIBS=''
LTLIBOBJS=''
<<<<<<< HEAD
MAKEINFO='${SHELL} /home/keqiang/myGit/lightflow/missing --run makeinfo'
=======
MAKEINFO='${SHELL} /home/keqiang/myGit/ingress/missing --run makeinfo'
>>>>>>> b88955cd40eaf7d776defbd6509677b9c1f2951e
MKDIR_P='/bin/mkdir -p'
OBJEXT='o'
PACKAGE='flowvisor'
PACKAGE_BUGREPORT='rob.sherwood@stanford.edu'
PACKAGE_NAME='flowvisor'
PACKAGE_STRING='flowvisor 0.4'
PACKAGE_TARNAME='flowvisor'
PACKAGE_URL=''
PACKAGE_VERSION='0.4'
PATH_SEPARATOR=':'
RANLIB='ranlib'
SET_MAKE=''
SHELL='/bin/bash'
STRIP=''
VERSION='0.4'
ac_ct_CC='gcc'
am__EXEEXT_FALSE=''
am__EXEEXT_TRUE='#'
am__fastdepCC_FALSE='#'
am__fastdepCC_TRUE=''
am__include='include'
am__isrc=''
am__leading_dot='.'
am__nodep='_no'
am__quote=''
am__tar='$${TAR-tar} chof - "$$tardir"'
am__untar='$${TAR-tar} xf -'
bindir='${exec_prefix}/bin'
build_alias=''
datadir='${datarootdir}'
datarootdir='${prefix}/share'
docdir='${datarootdir}/doc/${PACKAGE_TARNAME}'
dvidir='${docdir}'
exec_prefix='${prefix}'
host_alias=''
htmldir='${docdir}'
includedir='${prefix}/include'
infodir='${datarootdir}/info'
<<<<<<< HEAD
install_sh='${SHELL} /home/keqiang/myGit/lightflow/install-sh'
=======
install_sh='${SHELL} /home/keqiang/myGit/ingress/install-sh'
>>>>>>> b88955cd40eaf7d776defbd6509677b9c1f2951e
libdir='${exec_prefix}/lib'
libexecdir='${exec_prefix}/libexec'
localedir='${datarootdir}/locale'
localstatedir='${prefix}/var'
mandir='${datarootdir}/man'
mkdir_p='/bin/mkdir -p'
oldincludedir='/usr/include'
<<<<<<< HEAD
openflowsrc='/home/keqiang/myGit/lightflow/../openflow'
=======
openflowsrc='/home/keqiang/myGit/ingress/../openflow'
>>>>>>> b88955cd40eaf7d776defbd6509677b9c1f2951e
pdfdir='${docdir}'
prefix='/usr/local'
program_transform_name='s,x,x,'
psdir='${docdir}'
sbindir='${exec_prefix}/sbin'
sharedstatedir='${prefix}/com'
sysconfdir='${prefix}/etc'
target_alias=''

## ----------- ##
## confdefs.h. ##
## ----------- ##

/* confdefs.h */
#define PACKAGE_NAME "flowvisor"
#define PACKAGE_TARNAME "flowvisor"
#define PACKAGE_VERSION "0.4"
#define PACKAGE_STRING "flowvisor 0.4"
#define PACKAGE_BUGREPORT "rob.sherwood@stanford.edu"
#define PACKAGE_URL ""
#define PACKAGE "flowvisor"
#define VERSION "0.4"
#define STDC_HEADERS 1
#define HAVE_SYS_TYPES_H 1
#define HAVE_SYS_STAT_H 1
#define HAVE_STDLIB_H 1
#define HAVE_STRING_H 1
#define HAVE_MEMORY_H 1
#define HAVE_STRINGS_H 1
#define HAVE_INTTYPES_H 1
#define HAVE_STDINT_H 1
#define HAVE_UNISTD_H 1
#define HAVE__BOOL 1
#define HAVE_STDBOOL_H 1
#define HAVE_STRERROR 1

configure: exit 0
<<<<<<< HEAD
=======

## ---------------------- ##
## Running config.status. ##
## ---------------------- ##

This file was extended by flowvisor config.status 0.4, which was
generated by GNU Autoconf 2.68.  Invocation command line was

  CONFIG_FILES    = 
  CONFIG_HEADERS  = 
  CONFIG_LINKS    = 
  CONFIG_COMMANDS = 
  $ ./config.status 

on ubuntu

config.status:867: creating Makefile
config.status:867: creating config.h
config.status:1048: config.h is unchanged
config.status:1096: executing depfiles commands

## ---------------------- ##
## Running config.status. ##
## ---------------------- ##

This file was extended by flowvisor config.status 0.4, which was
generated by GNU Autoconf 2.68.  Invocation command line was

  CONFIG_FILES    = 
  CONFIG_HEADERS  = 
  CONFIG_LINKS    = 
  CONFIG_COMMANDS = 
  $ ./config.status config.h

on ubuntu

config.status:867: creating config.h
config.status:1048: config.h is unchanged
>>>>>>> b88955cd40eaf7d776defbd6509677b9c1f2951e
